Status: 500
Body: {
  "error": "Failed to send message.",
  "details": "Access denied for user 'u943086856_admin'@'localhost' (using password: YES)",
  "receivedBody": {
    "name": "Test",
    "email": "test@example.com",
    "message": "Hello",
    "phone": "(512) 555-1234",
    "zip": "78759"
  },
  "code": "ER_ACCESS_DENIED_ERROR",
  "errno": 1045,
  "sqlState": "28000",
  "sqlMessage": "Access denied for user 'u943086856_admin'@'localhost' (using password: YES)",
  "debug": {
    "activeEnvCheck": {
      "DB_HOST": "127.0.0.1",
      "DB_USER": "u943086856_admin",
      "DB_NAME": "u943086856_contact",
      "DB_PASSWORD_STATUS": "SET (Length: 15)"
    },
    "connectionConfig": {
      "host": "127.0.0.1",
      "user": "u943086856_admin",
      "database": "u943086856_contact"
    }
  }
}